04/06/2012 09:32:36 (Std) 	+-+-+-+-+-+-+-+-+-+-+-+-+-+-+-+-+-+-+-+-+-+-+-+-+-+-+-+-+-+-+-+-+-+-+-+-+-+-+-+
04/06/2012 09:32:36 (Std) 	+                     Crazy Eddie's GUI System - Event log                    +
04/06/2012 09:32:36 (Std) 	+                          (http://www.cegui.org.uk/)                         +
04/06/2012 09:32:36 (Std) 	+-+-+-+-+-+-+-+-+-+-+-+-+-+-+-+-+-+-+-+-+-+-+-+-+-+-+-+-+-+-+-+-+-+-+-+-+-+-+-+

04/06/2012 09:32:36 (Std) 	CEGUI::Logger singleton created. (011BCD30)
04/06/2012 09:32:36 (Std) 	
04/06/2012 09:32:36 (Std) 	********************************************************************************
04/06/2012 09:32:36 (Std) 	* Important:                                                                   *
04/06/2012 09:32:36 (Std) 	*     To get support at the CEGUI forums, you must post _at least_ the section *
04/06/2012 09:32:36 (Std) 	*     of this log file indicated below.  Failure to do this will result in no  *
04/06/2012 09:32:36 (Std) 	*     support being given; please do not waste our time.                       *
04/06/2012 09:32:36 (Std) 	********************************************************************************
04/06/2012 09:32:36 (Std) 	********************************************************************************
04/06/2012 09:32:36 (Std) 	* -------- START OF ESSENTIAL SECTION TO BE POSTED ON THE FORUM       -------- *
04/06/2012 09:32:36 (Std) 	********************************************************************************
04/06/2012 09:32:36 (Std) 	---- Version 0.7.5 (Build: Jun  1 2011 Debug Microsoft Windows MSVC++ 10.0 32 bit) ----
04/06/2012 09:32:36 (Std) 	---- Renderer module is: CEGUI::OpenGLRenderer - Official OpenGL based 2nd generation renderer module.  TextureTarget support enabled via FBO extension. ----
04/06/2012 09:32:36 (Std) 	---- XML Parser module is: CEGUI::ExpatParser - Official expat based parser module for CEGUI ----
04/06/2012 09:32:36 (Std) 	---- Image Codec module is: SILLYImageCodec - Official SILLY based image codec ----
04/06/2012 09:32:36 (Std) 	---- Scripting module is: None ----
04/06/2012 09:32:36 (Std) 	********************************************************************************
04/06/2012 09:32:36 (Std) 	* -------- END OF ESSENTIAL SECTION TO BE POSTED ON THE FORUM         -------- *
04/06/2012 09:32:36 (Std) 	********************************************************************************
04/06/2012 09:32:36 (Std) 	
04/06/2012 09:32:36 (Std) 	---- Begining CEGUI System initialisation ----
04/06/2012 09:32:36 (Std) 	CEGUI::ImagesetManager singleton created (011BD400)
04/06/2012 09:32:36 (Std) 	CEGUI::FontManager singleton created. (011BE680)
04/06/2012 09:32:36 (Std) 	CEGUI::WindowFactoryManager singleton created
04/06/2012 09:32:36 (Std) 	CEGUI::WindowManager singleton created (011BDAF8)
04/06/2012 09:32:36 (Std) 	CEGUI::SchemeManager singleton created. (011C04A0)
04/06/2012 09:32:36 (Std) 	CEGUI::MouseCursor singleton created. (011C0748)
04/06/2012 09:32:36 (Std) 	CEGUI::GlobalEventSet singleton created. (011B6B58)
04/06/2012 09:32:36 (Std) 	CEGUI::AnimationManager singleton created (011C0410)
04/06/2012 09:32:36 (Std) 	CEGUI::WidgetLookManager singleton created. (011BCCF0)
04/06/2012 09:32:36 (Std) 	CEGUI::WindowRendererManager singleton created (011BD950)
04/06/2012 09:32:36 (Std) 	CEGUI::RenderEffectManager singleton created (011BE928)
04/06/2012 09:32:36 (Std) 	Created WindowFactory for 'DefaultWindow' windows.
04/06/2012 09:32:36 (Std) 	WindowFactory for 'DefaultWindow' windows added. (011C2AB8)
04/06/2012 09:32:36 (Std) 	Created WindowFactory for 'DragContainer' windows.
04/06/2012 09:32:36 (Std) 	WindowFactory for 'DragContainer' windows added. (011C2DD8)
04/06/2012 09:32:36 (Std) 	Created WindowFactory for 'ScrolledContainer' windows.
04/06/2012 09:32:36 (Std) 	WindowFactory for 'ScrolledContainer' windows added. (011C2EA0)
04/06/2012 09:32:36 (Std) 	Created WindowFactory for 'ClippedContainer' windows.
04/06/2012 09:32:36 (Std) 	WindowFactory for 'ClippedContainer' windows added. (011C2F68)
04/06/2012 09:32:36 (Std) 	Created WindowFactory for 'CEGUI/Checkbox' windows.
04/06/2012 09:32:36 (Std) 	WindowFactory for 'CEGUI/Checkbox' windows added. (011C3030)
04/06/2012 09:32:36 (Std) 	Created WindowFactory for 'CEGUI/PushButton' windows.
04/06/2012 09:32:36 (Std) 	WindowFactory for 'CEGUI/PushButton' windows added. (011C30F8)
04/06/2012 09:32:36 (Std) 	Created WindowFactory for 'CEGUI/RadioButton' windows.
04/06/2012 09:32:36 (Std) 	WindowFactory for 'CEGUI/RadioButton' windows added. (011C31C0)
04/06/2012 09:32:36 (Std) 	Created WindowFactory for 'CEGUI/Combobox' windows.
04/06/2012 09:32:36 (Std) 	WindowFactory for 'CEGUI/Combobox' windows added. (011C4580)
04/06/2012 09:32:36 (Std) 	Created WindowFactory for 'CEGUI/ComboDropList' windows.
04/06/2012 09:32:36 (Std) 	WindowFactory for 'CEGUI/ComboDropList' windows added. (011C4648)
04/06/2012 09:32:36 (Std) 	Created WindowFactory for 'CEGUI/Editbox' windows.
04/06/2012 09:32:36 (Std) 	WindowFactory for 'CEGUI/Editbox' windows added. (011C3288)
04/06/2012 09:32:36 (Std) 	Created WindowFactory for 'CEGUI/FrameWindow' windows.
04/06/2012 09:32:36 (Std) 	WindowFactory for 'CEGUI/FrameWindow' windows added. (011C4710)
04/06/2012 09:32:36 (Std) 	Created WindowFactory for 'CEGUI/ItemEntry' windows.
04/06/2012 09:32:36 (Std) 	WindowFactory for 'CEGUI/ItemEntry' windows added. (011C47D8)
04/06/2012 09:32:36 (Std) 	Created WindowFactory for 'CEGUI/Listbox' windows.
04/06/2012 09:32:36 (Std) 	WindowFactory for 'CEGUI/Listbox' windows added. (011C3350)
04/06/2012 09:32:36 (Std) 	Created WindowFactory for 'CEGUI/ListHeader' windows.
04/06/2012 09:32:36 (Std) 	WindowFactory for 'CEGUI/ListHeader' windows added. (011C3418)
04/06/2012 09:32:36 (Std) 	Created WindowFactory for 'CEGUI/ListHeaderSegment' windows.
04/06/2012 09:32:36 (Std) 	WindowFactory for 'CEGUI/ListHeaderSegment' windows added. (011C48A0)
04/06/2012 09:32:36 (Std) 	Created WindowFactory for 'CEGUI/Menubar' windows.
04/06/2012 09:32:36 (Std) 	WindowFactory for 'CEGUI/Menubar' windows added. (011C4F10)
04/06/2012 09:32:36 (Std) 	Created WindowFactory for 'CEGUI/PopupMenu' windows.
04/06/2012 09:32:36 (Std) 	WindowFactory for 'CEGUI/PopupMenu' windows added. (011C4FD8)
04/06/2012 09:32:36 (Std) 	Created WindowFactory for 'CEGUI/MenuItem' windows.
04/06/2012 09:32:36 (Std) 	WindowFactory for 'CEGUI/MenuItem' windows added. (011C50A0)
04/06/2012 09:32:36 (Std) 	Created WindowFactory for 'CEGUI/MultiColumnList' windows.
04/06/2012 09:32:36 (Std) 	WindowFactory for 'CEGUI/MultiColumnList' windows added. (011C5168)
04/06/2012 09:32:36 (Std) 	Created WindowFactory for 'CEGUI/MultiLineEditbox' windows.
04/06/2012 09:32:36 (Std) 	WindowFactory for 'CEGUI/MultiLineEditbox' windows added. (011C5230)
04/06/2012 09:32:36 (Std) 	Created WindowFactory for 'CEGUI/ProgressBar' windows.
04/06/2012 09:32:36 (Std) 	WindowFactory for 'CEGUI/ProgressBar' windows added. (011C52F8)
04/06/2012 09:32:36 (Std) 	Created WindowFactory for 'CEGUI/ScrollablePane' windows.
04/06/2012 09:32:36 (Std) 	WindowFactory for 'CEGUI/ScrollablePane' windows added. (011C53C0)
04/06/2012 09:32:36 (Std) 	Created WindowFactory for 'CEGUI/Scrollbar' windows.
04/06/2012 09:32:36 (Std) 	WindowFactory for 'CEGUI/Scrollbar' windows added. (011C5488)
04/06/2012 09:32:36 (Std) 	Created WindowFactory for 'CEGUI/Slider' windows.
04/06/2012 09:32:36 (Std) 	WindowFactory for 'CEGUI/Slider' windows added. (011C5550)
04/06/2012 09:32:36 (Std) 	Created WindowFactory for 'CEGUI/Spinner' windows.
04/06/2012 09:32:36 (Std) 	WindowFactory for 'CEGUI/Spinner' windows added. (011C5618)
04/06/2012 09:32:36 (Std) 	Created WindowFactory for 'CEGUI/TabButton' windows.
04/06/2012 09:32:36 (Std) 	WindowFactory for 'CEGUI/TabButton' windows added. (011C56E0)
04/06/2012 09:32:36 (Std) 	Created WindowFactory for 'CEGUI/TabControl' windows.
04/06/2012 09:32:36 (Std) 	WindowFactory for 'CEGUI/TabControl' windows added. (011C57A8)
04/06/2012 09:32:36 (Std) 	Created WindowFactory for 'CEGUI/Thumb' windows.
04/06/2012 09:32:36 (Std) 	WindowFactory for 'CEGUI/Thumb' windows added. (011C5870)
04/06/2012 09:32:36 (Std) 	Created WindowFactory for 'CEGUI/Titlebar' windows.
04/06/2012 09:32:36 (Std) 	WindowFactory for 'CEGUI/Titlebar' windows added. (011C5A00)
04/06/2012 09:32:36 (Std) 	Created WindowFactory for 'CEGUI/Tooltip' windows.
04/06/2012 09:32:36 (Std) 	WindowFactory for 'CEGUI/Tooltip' windows added. (011C5938)
04/06/2012 09:32:36 (Std) 	Created WindowFactory for 'CEGUI/ItemListbox' windows.
04/06/2012 09:32:36 (Std) 	WindowFactory for 'CEGUI/ItemListbox' windows added. (011C5AC8)
04/06/2012 09:32:36 (Std) 	Created WindowFactory for 'CEGUI/GroupBox' windows.
04/06/2012 09:32:36 (Std) 	WindowFactory for 'CEGUI/GroupBox' windows added. (011C5B90)
04/06/2012 09:32:36 (Std) 	Created WindowFactory for 'CEGUI/Tree' windows.
04/06/2012 09:32:36 (Std) 	WindowFactory for 'CEGUI/Tree' windows added. (011C5C58)
04/06/2012 09:32:36 (Std) 	Created WindowFactory for 'HorizontalLayoutContainer' windows.
04/06/2012 09:32:36 (Std) 	WindowFactory for 'HorizontalLayoutContainer' windows added. (011C5DE8)
04/06/2012 09:32:36 (Std) 	Created WindowFactory for 'VerticalLayoutContainer' windows.
04/06/2012 09:32:36 (Std) 	WindowFactory for 'VerticalLayoutContainer' windows added. (011C5D20)
04/06/2012 09:32:36 (Std) 	Created WindowFactory for 'GridLayoutContainer' windows.
04/06/2012 09:32:36 (Std) 	WindowFactory for 'GridLayoutContainer' windows added. (011C5EB0)
04/06/2012 09:32:36 (Std) 	Window type alias named 'DefaultGUISheet' added for window type 'DefaultWindow'.
04/06/2012 09:32:36 (Std) 	CEGUI::System singleton created. (011BC7E0)
04/06/2012 09:32:36 (Std) 	---- CEGUI System initialisation completed ----
04/06/2012 09:32:36 (Std) 	
04/06/2012 09:32:36 (Std) 	Attempting to create Imageset 'cegui_logo' using image file 'logo.png'.
04/06/2012 09:32:36 (Std) 	Started creation of Scheme from XML specification:
04/06/2012 09:32:36 (Std) 	---- CEGUI GUIScheme name: TaharezLook
04/06/2012 09:32:36 (Std) 	Started creation of Imageset from XML specification:
04/06/2012 09:32:36 (Std) 	---- CEGUI Imageset name: TaharezLook
04/06/2012 09:32:36 (Std) 	---- Source texture file: TaharezLook.tga in resource group: (Default)
04/06/2012 09:32:36 (Std) 	Started creation of Font from XML specification:
04/06/2012 09:32:36 (Std) 	---- CEGUI font name: DejaVuSans-10
04/06/2012 09:32:36 (Std) 	----       Font type: FreeType
04/06/2012 09:32:36 (Std) 	----     Source file: DejaVuSans.ttf in resource group: (Default)
04/06/2012 09:32:36 (Std) 	---- Real point size: 10
04/06/2012 09:32:37 (Std) 	===== Falagard 'root' element: look and feel parsing begins =====
04/06/2012 09:32:37 (Std) 	===== Look and feel parsing completed =====
04/06/2012 09:32:37 (Std) 	No window renderer factories specified for module 'CEGUIFalagardWRBase' - adding all available factories...
04/06/2012 09:32:37 (Std) 	Created WindowRendererFactory for 'Falagard/Button' WindowRenderers.
04/06/2012 09:32:37 (Std) 	WindowRendererFactory 'Falagard/Button' added. (011C64F0)
04/06/2012 09:32:37 (Std) 	Created WindowRendererFactory for 'Falagard/Default' WindowRenderers.
04/06/2012 09:32:37 (Std) 	WindowRendererFactory 'Falagard/Default' added. (011C6B30)
04/06/2012 09:32:37 (Std) 	Created WindowRendererFactory for 'Falagard/Editbox' WindowRenderers.
04/06/2012 09:32:37 (Std) 	WindowRendererFactory 'Falagard/Editbox' added. (011C6A68)
04/06/2012 09:32:37 (Std) 	Created WindowRendererFactory for 'Falagard/FrameWindow' WindowRenderers.
04/06/2012 09:32:37 (Std) 	WindowRendererFactory 'Falagard/FrameWindow' added. (011C6BF8)
04/06/2012 09:32:37 (Std) 	Created WindowRendererFactory for 'Falagard/ItemEntry' WindowRenderers.
04/06/2012 09:32:37 (Std) 	WindowRendererFactory 'Falagard/ItemEntry' added. (011C6CC0)
04/06/2012 09:32:37 (Std) 	Created WindowRendererFactory for 'Falagard/ListHeader' WindowRenderers.
04/06/2012 09:32:37 (Std) 	WindowRendererFactory 'Falagard/ListHeader' added. (011C6D88)
04/06/2012 09:32:37 (Std) 	Created WindowRendererFactory for 'Falagard/ListHeaderSegment' WindowRenderers.
04/06/2012 09:32:37 (Std) 	WindowRendererFactory 'Falagard/ListHeaderSegment' added. (057099F0)
04/06/2012 09:32:37 (Std) 	Created WindowRendererFactory for 'Falagard/Listbox' WindowRenderers.
04/06/2012 09:32:37 (Std) 	WindowRendererFactory 'Falagard/Listbox' added. (05709AB8)
04/06/2012 09:32:37 (Std) 	Created WindowRendererFactory for 'Falagard/Menubar' WindowRenderers.
04/06/2012 09:32:37 (Std) 	WindowRendererFactory 'Falagard/Menubar' added. (05709B80)
04/06/2012 09:32:37 (Std) 	Created WindowRendererFactory for 'Falagard/MenuItem' WindowRenderers.
04/06/2012 09:32:37 (Std) 	WindowRendererFactory 'Falagard/MenuItem' added. (05709C48)
04/06/2012 09:32:37 (Std) 	Created WindowRendererFactory for 'Falagard/MultiColumnList' WindowRenderers.
04/06/2012 09:32:37 (Std) 	WindowRendererFactory 'Falagard/MultiColumnList' added. (05709D10)
04/06/2012 09:32:37 (Std) 	Created WindowRendererFactory for 'Falagard/MultiLineEditbox' WindowRenderers.
04/06/2012 09:32:37 (Std) 	WindowRendererFactory 'Falagard/MultiLineEditbox' added. (05709DD8)
04/06/2012 09:32:37 (Std) 	Created WindowRendererFactory for 'Falagard/PopupMenu' WindowRenderers.
04/06/2012 09:32:37 (Std) 	WindowRendererFactory 'Falagard/PopupMenu' added. (05709EA0)
04/06/2012 09:32:37 (Std) 	Created WindowRendererFactory for 'Falagard/ProgressBar' WindowRenderers.
04/06/2012 09:32:37 (Std) 	WindowRendererFactory 'Falagard/ProgressBar' added. (05709F68)
04/06/2012 09:32:37 (Std) 	Created WindowRendererFactory for 'Falagard/ScrollablePane' WindowRenderers.
04/06/2012 09:32:37 (Std) 	WindowRendererFactory 'Falagard/ScrollablePane' added. (0570A030)
04/06/2012 09:32:37 (Std) 	Created WindowRendererFactory for 'Falagard/Scrollbar' WindowRenderers.
04/06/2012 09:32:37 (Std) 	WindowRendererFactory 'Falagard/Scrollbar' added. (0570A0F8)
04/06/2012 09:32:37 (Std) 	Created WindowRendererFactory for 'Falagard/Slider' WindowRenderers.
04/06/2012 09:32:37 (Std) 	WindowRendererFactory 'Falagard/Slider' added. (0570A1C0)
04/06/2012 09:32:37 (Std) 	Created WindowRendererFactory for 'Falagard/Static' WindowRenderers.
04/06/2012 09:32:37 (Std) 	WindowRendererFactory 'Falagard/Static' added. (0570A350)
04/06/2012 09:32:37 (Std) 	Created WindowRendererFactory for 'Falagard/StaticImage' WindowRenderers.
04/06/2012 09:32:37 (Std) 	WindowRendererFactory 'Falagard/StaticImage' added. (0570A418)
04/06/2012 09:32:37 (Std) 	Created WindowRendererFactory for 'Falagard/StaticText' WindowRenderers.
04/06/2012 09:32:37 (Std) 	WindowRendererFactory 'Falagard/StaticText' added. (0570A288)
04/06/2012 09:32:37 (Std) 	Created WindowRendererFactory for 'Falagard/SystemButton' WindowRenderers.
04/06/2012 09:32:37 (Std) 	WindowRendererFactory 'Falagard/SystemButton' added. (0570A4E0)
04/06/2012 09:32:37 (Std) 	Created WindowRendererFactory for 'Falagard/TabButton' WindowRenderers.
04/06/2012 09:32:37 (Std) 	WindowRendererFactory 'Falagard/TabButton' added. (0570A5A8)
04/06/2012 09:32:37 (Std) 	Created WindowRendererFactory for 'Falagard/TabControl' WindowRenderers.
04/06/2012 09:32:37 (Std) 	WindowRendererFactory 'Falagard/TabControl' added. (0570A670)
04/06/2012 09:32:37 (Std) 	Created WindowRendererFactory for 'Falagard/Titlebar' WindowRenderers.
04/06/2012 09:32:37 (Std) 	WindowRendererFactory 'Falagard/Titlebar' added. (0570A738)
04/06/2012 09:32:37 (Std) 	Created WindowRendererFactory for 'Falagard/ToggleButton' WindowRenderers.
04/06/2012 09:32:37 (Std) 	WindowRendererFactory 'Falagard/ToggleButton' added. (0570A800)
04/06/2012 09:32:37 (Std) 	Created WindowRendererFactory for 'Falagard/Tooltip' WindowRenderers.
04/06/2012 09:32:37 (Std) 	WindowRendererFactory 'Falagard/Tooltip' added. (0570A8C8)
04/06/2012 09:32:37 (Std) 	Created WindowRendererFactory for 'Falagard/ItemListbox' WindowRenderers.
04/06/2012 09:32:37 (Std) 	WindowRendererFactory 'Falagard/ItemListbox' added. (0570A990)
04/06/2012 09:32:37 (Std) 	Created WindowRendererFactory for 'Falagard/Tree' WindowRenderers.
04/06/2012 09:32:37 (Std) 	WindowRendererFactory 'Falagard/Tree' added. (0570AA58)
04/06/2012 09:32:37 (Std) 	Creating falagard mapping for type 'TaharezLook/Button' using base type 'CEGUI/PushButton', window renderer 'Falagard/Button' Look'N'Feel 'TaharezLook/Button' and RenderEffect ''. (001EC1E4)
04/06/2012 09:32:37 (Std) 	Creating falagard mapping for type 'TaharezLook/Checkbox' using base type 'CEGUI/Checkbox', window renderer 'Falagard/ToggleButton' Look'N'Feel 'TaharezLook/Checkbox' and RenderEffect ''. (001EC1E4)
04/06/2012 09:32:37 (Std) 	Creating falagard mapping for type 'TaharezLook/ImageButton' using base type 'CEGUI/PushButton', window renderer 'Falagard/Button' Look'N'Feel 'TaharezLook/ImageButton' and RenderEffect ''. (001EC1E4)
04/06/2012 09:32:37 (Std) 	Creating falagard mapping for type 'TaharezLook/RadioButton' using base type 'CEGUI/RadioButton', window renderer 'Falagard/ToggleButton' Look'N'Feel 'TaharezLook/RadioButton' and RenderEffect ''. (001EC1E4)
04/06/2012 09:32:37 (Std) 	Creating falagard mapping for type 'TaharezLook/FrameWindow' using base type 'CEGUI/FrameWindow', window renderer 'Falagard/FrameWindow' Look'N'Feel 'TaharezLook/FrameWindow' and RenderEffect ''. (001EC1E4)
04/06/2012 09:32:37 (Std) 	Creating falagard mapping for type 'TaharezLook/Titlebar' using base type 'CEGUI/Titlebar', window renderer 'Falagard/Titlebar' Look'N'Feel 'TaharezLook/Titlebar' and RenderEffect ''. (001EC1E4)
04/06/2012 09:32:37 (Std) 	Creating falagard mapping for type 'TaharezLook/SystemButton' using base type 'CEGUI/PushButton', window renderer 'Falagard/Button' Look'N'Feel 'TaharezLook/Button' and RenderEffect ''. (001EC1E4)
04/06/2012 09:32:37 (Std) 	Creating falagard mapping for type 'TaharezLook/Editbox' using base type 'CEGUI/Editbox', window renderer 'Falagard/Editbox' Look'N'Feel 'TaharezLook/Editbox' and RenderEffect ''. (001EC1E4)
04/06/2012 09:32:37 (Std) 	Creating falagard mapping for type 'TaharezLook/MultiLineEditbox' using base type 'CEGUI/MultiLineEditbox', window renderer 'Falagard/MultiLineEditbox' Look'N'Feel 'TaharezLook/MultiLineEditbox' and RenderEffect ''. (001EC1E4)
04/06/2012 09:32:37 (Std) 	Creating falagard mapping for type 'TaharezLook/Menubar' using base type 'CEGUI/Menubar', window renderer 'Falagard/Menubar' Look'N'Feel 'TaharezLook/Menubar' and RenderEffect ''. (001EC1E4)
04/06/2012 09:32:37 (Std) 	Creating falagard mapping for type 'TaharezLook/PopupMenu' using base type 'CEGUI/PopupMenu', window renderer 'Falagard/PopupMenu' Look'N'Feel 'TaharezLook/PopupMenu' and RenderEffect ''. (001EC1E4)
04/06/2012 09:32:37 (Std) 	Creating falagard mapping for type 'TaharezLook/MenuItem' using base type 'CEGUI/MenuItem', window renderer 'Falagard/MenuItem' Look'N'Feel 'TaharezLook/MenuItem' and RenderEffect ''. (001EC1E4)
04/06/2012 09:32:37 (Std) 	Creating falagard mapping for type 'TaharezLook/AlternateProgressBar' using base type 'CEGUI/ProgressBar', window renderer 'Falagard/ProgressBar' Look'N'Feel 'TaharezLook/AltProgressBar' and RenderEffect ''. (001EC1E4)
04/06/2012 09:32:37 (Std) 	Creating falagard mapping for type 'TaharezLook/ProgressBar' using base type 'CEGUI/ProgressBar', window renderer 'Falagard/ProgressBar' Look'N'Feel 'TaharezLook/ProgressBar' and RenderEffect ''. (001EC1E4)
04/06/2012 09:32:37 (Std) 	Creating falagard mapping for type 'TaharezLook/VUMeter' using base type 'CEGUI/ProgressBar', window renderer 'Falagard/ProgressBar' Look'N'Feel 'TaharezLook/VUMeter' and RenderEffect ''. (001EC1E4)
04/06/2012 09:32:37 (Std) 	Creating falagard mapping for type 'TaharezLook/VerticalScrollbar' using base type 'CEGUI/Scrollbar', window renderer 'Falagard/Scrollbar' Look'N'Feel 'TaharezLook/VerticalScrollbar' and RenderEffect ''. (001EC1E4)
04/06/2012 09:32:37 (Std) 	Creating falagard mapping for type 'TaharezLook/HorizontalScrollbar' using base type 'CEGUI/Scrollbar', window renderer 'Falagard/Scrollbar' Look'N'Feel 'TaharezLook/HorizontalScrollbar' and RenderEffect ''. (001EC1E4)
04/06/2012 09:32:37 (Std) 	Creating falagard mapping for type 'TaharezLook/VerticalScrollbarThumb' using base type 'CEGUI/Thumb', window renderer 'Falagard/Button' Look'N'Feel 'TaharezLook/VerticalScrollbarThumb' and RenderEffect ''. (001EC1E4)
04/06/2012 09:32:37 (Std) 	Creating falagard mapping for type 'TaharezLook/HorizontalScrollbarThumb' using base type 'CEGUI/Thumb', window renderer 'Falagard/Button' Look'N'Feel 'TaharezLook/HorizontalScrollbarThumb' and RenderEffect ''. (001EC1E4)
04/06/2012 09:32:37 (Std) 	Creating falagard mapping for type 'TaharezLook/LargeVerticalScrollbar' using base type 'CEGUI/Scrollbar', window renderer 'Falagard/Scrollbar' Look'N'Feel 'TaharezLook/LargeVerticalScrollbar' and RenderEffect ''. (001EC1E4)
04/06/2012 09:32:37 (Std) 	Creating falagard mapping for type 'TaharezLook/LargeVerticalScrollbarThumb' using base type 'CEGUI/Thumb', window renderer 'Falagard/Button' Look'N'Feel 'TaharezLook/LargeVerticalScrollbarThumb' and RenderEffect ''. (001EC1E4)
04/06/2012 09:32:37 (Std) 	Creating falagard mapping for type 'TaharezLook/TabButton' using base type 'CEGUI/TabButton', window renderer 'Falagard/TabButton' Look'N'Feel 'TaharezLook/TabButton' and RenderEffect ''. (001EC1E4)
04/06/2012 09:32:37 (Std) 	Creating falagard mapping for type 'TaharezLook/TabControl' using base type 'CEGUI/TabControl', window renderer 'Falagard/TabControl' Look'N'Feel 'TaharezLook/TabControl' and RenderEffect ''. (001EC1E4)
04/06/2012 09:32:37 (Std) 	Creating falagard mapping for type 'TaharezLook/TabContentPane' using base type 'DefaultWindow', window renderer 'Falagard/Default' Look'N'Feel 'TaharezLook/TabContentPane' and RenderEffect ''. (001EC1E4)
04/06/2012 09:32:37 (Std) 	Creating falagard mapping for type 'TaharezLook/TabButtonPane' using base type 'DefaultWindow', window renderer 'Falagard/Default' Look'N'Feel 'TaharezLook/TabButtonPane' and RenderEffect ''. (001EC1E4)
04/06/2012 09:32:37 (Std) 	Creating falagard mapping for type 'TaharezLook/ComboDropList' using base type 'CEGUI/ComboDropList', window renderer 'Falagard/Listbox' Look'N'Feel 'TaharezLook/ComboDropList' and RenderEffect ''. (001EC1E4)
04/06/2012 09:32:37 (Std) 	Creating falagard mapping for type 'TaharezLook/ComboEditbox' using base type 'CEGUI/Editbox', window renderer 'Falagard/Editbox' Look'N'Feel 'TaharezLook/ComboEditbox' and RenderEffect ''. (001EC1E4)
04/06/2012 09:32:37 (Std) 	Creating falagard mapping for type 'TaharezLook/Combobox' using base type 'CEGUI/Combobox', window renderer 'Falagard/Default' Look'N'Feel 'TaharezLook/Combobox' and RenderEffect ''. (001EC1E4)
04/06/2012 09:32:37 (Std) 	Creating falagard mapping for type 'TaharezLook/Listbox' using base type 'CEGUI/Listbox', window renderer 'Falagard/Listbox' Look'N'Feel 'TaharezLook/Listbox' and RenderEffect ''. (001EC1E4)
04/06/2012 09:32:37 (Std) 	Creating falagard mapping for type 'TaharezLook/ListHeader' using base type 'CEGUI/ListHeader', window renderer 'Falagard/ListHeader' Look'N'Feel 'TaharezLook/ListHeader' and RenderEffect ''. (001EC1E4)
04/06/2012 09:32:37 (Std) 	Creating falagard mapping for type 'TaharezLook/ListHeaderSegment' using base type 'CEGUI/ListHeaderSegment', window renderer 'Falagard/ListHeaderSegment' Look'N'Feel 'TaharezLook/ListHeaderSegment' and RenderEffect ''. (001EC1E4)
04/06/2012 09:32:37 (Std) 	Creating falagard mapping for type 'TaharezLook/MultiColumnList' using base type 'CEGUI/MultiColumnList', window renderer 'Falagard/MultiColumnList' Look'N'Feel 'TaharezLook/MultiColumnList' and RenderEffect ''. (001EC1E4)
04/06/2012 09:32:37 (Std) 	Creating falagard mapping for type 'TaharezLook/Slider' using base type 'CEGUI/Slider', window renderer 'Falagard/Slider' Look'N'Feel 'TaharezLook/Slider' and RenderEffect ''. (001EC1E4)
04/06/2012 09:32:37 (Std) 	Creating falagard mapping for type 'TaharezLook/SliderThumb' using base type 'CEGUI/Thumb', window renderer 'Falagard/Button' Look'N'Feel 'TaharezLook/SliderThumb' and RenderEffect ''. (001EC1E4)
04/06/2012 09:32:37 (Std) 	Creating falagard mapping for type 'TaharezLook/ScrollablePane' using base type 'CEGUI/ScrollablePane', window renderer 'Falagard/ScrollablePane' Look'N'Feel 'TaharezLook/ScrollablePane' and RenderEffect ''. (001EC1E4)
04/06/2012 09:32:37 (Std) 	Creating falagard mapping for type 'TaharezLook/Spinner' using base type 'CEGUI/Spinner', window renderer 'Falagard/Default' Look'N'Feel 'TaharezLook/Spinner' and RenderEffect ''. (001EC1E4)
04/06/2012 09:32:37 (Std) 	Creating falagard mapping for type 'TaharezLook/Tooltip' using base type 'CEGUI/Tooltip', window renderer 'Falagard/Tooltip' Look'N'Feel 'TaharezLook/Tooltip' and RenderEffect ''. (001EC1E4)
04/06/2012 09:32:37 (Std) 	Creating falagard mapping for type 'TaharezLook/StaticImage' using base type 'DefaultWindow', window renderer 'Falagard/StaticImage' Look'N'Feel 'TaharezLook/StaticImage' and RenderEffect ''. (001EC1E4)
04/06/2012 09:32:37 (Std) 	Creating falagard mapping for type 'TaharezLook/StaticText' using base type 'DefaultWindow', window renderer 'Falagard/StaticText' Look'N'Feel 'TaharezLook/StaticText' and RenderEffect ''. (001EC1E4)
04/06/2012 09:32:37 (Std) 	Creating falagard mapping for type 'TaharezLook/ItemListbox' using base type 'CEGUI/ItemListbox', window renderer 'Falagard/ItemListbox' Look'N'Feel 'TaharezLook/ItemListbox' and RenderEffect ''. (001EC1E4)
04/06/2012 09:32:37 (Std) 	Creating falagard mapping for type 'TaharezLook/ListboxItem' using base type 'CEGUI/ItemEntry', window renderer 'Falagard/ItemEntry' Look'N'Feel 'TaharezLook/ListboxItem' and RenderEffect ''. (001EC1E4)
04/06/2012 09:32:37 (Std) 	Creating falagard mapping for type 'TaharezLook/GroupBox' using base type 'CEGUI/GroupBox', window renderer 'Falagard/Default' Look'N'Feel 'TaharezLook/GroupBox' and RenderEffect ''. (001EC1E4)
04/06/2012 09:32:37 (Std) 	Creating falagard mapping for type 'TaharezLook/Tree' using base type 'CEGUI/Tree', window renderer 'Falagard/Tree' Look'N'Feel 'TaharezLook/Tree' and RenderEffect ''. (001EC1E4)
04/06/2012 09:32:38 (Std) 	Display resize: w=800 h=600
04/06/2012 09:32:38 (Std) 	Attempting to create Imageset 'DejaVuSans-10_auto_glyph_images_ ' with texture only.
